TN:
SF:/home/voalle/VoalleNodeJS/components/RocketChatSDK-FelipeTomm/src/lib/api.ts
FN:29,loggedIn
FN:46,getQueryString
FN:48,(anonymous_9)
FN:62,setAuth
FN:68,getHeaders
FN:81,clearHeaders
FN:87,success
FN:109,post
FN:119,(anonymous_16)
FN:120,(anonymous_17)
FN:124,(anonymous_18)
FN:141,get
FN:152,(anonymous_21)
FN:153,(anonymous_22)
FN:157,(anonymous_23)
FN:171,login
FN:202,logout
FN:208,(anonymous_27)
FN:219,(anonymous_28)
FN:219,(anonymous_29)
FN:220,(anonymous_30)
FN:220,(anonymous_31)
FN:220,(anonymous_32)
FN:221,(anonymous_33)
FN:221,(anonymous_34)
FN:221,(anonymous_35)
FN:222,(anonymous_36)
FN:222,(anonymous_37)
FN:223,(anonymous_38)
FN:223,(anonymous_39)
FN:223,(anonymous_40)
FN:224,(anonymous_41)
FN:224,(anonymous_42)
FN:224,(anonymous_43)
FNF:34
FNH:16
FNDA:18,loggedIn
FNDA:22,getQueryString
FNDA:33,(anonymous_9)
FNDA:7,setAuth
FNDA:29,getHeaders
FNDA:10,clearHeaders
FNDA:31,success
FNDA:7,post
FNDA:7,(anonymous_16)
FNDA:7,(anonymous_17)
FNDA:0,(anonymous_18)
FNDA:19,get
FNDA:19,(anonymous_21)
FNDA:19,(anonymous_22)
FNDA:0,(anonymous_23)
FNDA:7,login
FNDA:20,logout
FNDA:7,(anonymous_27)
FNDA:0,(anonymous_28)
FNDA:0,(anonymous_29)
FNDA:0,(anonymous_30)
FNDA:0,(anonymous_31)
FNDA:0,(anonymous_32)
FNDA:0,(anonymous_33)
FNDA:0,(anonymous_34)
FNDA:0,(anonymous_35)
FNDA:0,(anonymous_36)
FNDA:0,(anonymous_37)
FNDA:0,(anonymous_38)
FNDA:0,(anonymous_39)
FNDA:0,(anonymous_40)
FNDA:0,(anonymous_41)
FNDA:0,(anonymous_42)
FNDA:0,(anonymous_43)
DA:1,1
DA:2,1
DA:3,1
DA:17,1
DA:29,1
DA:30,18
DA:34,1
DA:35,1
DA:41,1
DA:46,1
DA:47,22
DA:48,13
DA:49,33
DA:52,33
DA:57,1
DA:59,1
DA:62,1
DA:63,7
DA:64,7
DA:68,1
DA:69,29
DA:70,20
DA:75,1
DA:77,19
DA:81,1
DA:82,10
DA:83,10
DA:87,1
DA:88,31
DA:109,1
DA:115,7
DA:116,7
DA:117,7
DA:118,7
DA:119,7
DA:120,7
DA:121,7
DA:122,7
DA:123,7
DA:124,0
DA:126,7
DA:127,7
DA:129,0
DA:130,0
DA:141,1
DA:147,19
DA:148,19
DA:149,19
DA:150,19
DA:151,19
DA:152,19
DA:153,19
DA:154,19
DA:155,19
DA:156,19
DA:157,0
DA:159,19
DA:160,19
DA:162,0
DA:171,1
DA:175,7
DA:176,7
DA:177,0
DA:178,0
DA:179,0
DA:181,0
DA:184,7
DA:185,7
DA:186,7
DA:192,7
DA:193,7
DA:194,7
DA:196,0
DA:197,0
DA:202,1
DA:203,20
DA:204,13
DA:205,13
DA:207,7
DA:208,7
DA:209,7
DA:210,7
DA:215,1
DA:218,1
DA:219,0
DA:220,0
DA:221,0
DA:222,0
DA:223,0
DA:224,0
LF:90
LH:73
BRDA:42,0,0,1
BRDA:42,0,1,0
BRDA:47,1,0,9
BRDA:47,1,1,13
BRDA:47,2,0,22
BRDA:47,2,1,15
BRDA:47,2,2,15
BRDA:50,3,0,3
BRDA:50,3,1,30
BRDA:68,4,0,1
BRDA:69,5,0,9
BRDA:69,5,1,20
BRDA:70,6,0,1
BRDA:70,6,1,19
BRDA:71,7,0,20
BRDA:71,7,1,19
BRDA:71,7,2,19
BRDA:71,7,3,19
BRDA:97,8,0,29
BRDA:97,8,1,2
BRDA:90,9,0,31
BRDA:90,9,1,31
BRDA:90,9,2,15
BRDA:90,9,3,30
BRDA:90,9,4,16
BRDA:90,9,5,15
BRDA:90,9,6,13
BRDA:90,9,7,2
BRDA:90,9,8,0
BRDA:90,9,9,0
BRDA:112,10,0,0
BRDA:117,11,0,0
BRDA:117,11,1,7
BRDA:117,12,0,7
BRDA:117,12,1,0
BRDA:121,13,0,0
BRDA:121,13,1,7
BRDA:122,14,0,0
BRDA:122,14,1,7
BRDA:144,15,0,7
BRDA:149,16,0,1
BRDA:149,16,1,18
BRDA:149,17,0,19
BRDA:149,17,1,18
BRDA:154,18,0,0
BRDA:154,18,1,19
BRDA:155,19,0,0
BRDA:155,19,1,19
BRDA:171,20,0,6
BRDA:176,21,0,0
BRDA:176,21,1,7
BRDA:178,22,0,0
BRDA:178,22,1,0
BRDA:185,23,0,7
BRDA:185,23,1,0
BRDA:185,24,0,7
BRDA:185,24,1,7
BRDA:185,24,2,7
BRDA:203,25,0,13
BRDA:203,25,1,7
BRDA:219,26,0,0
BRDA:222,27,0,0
BRF:62
BRH:46
end_of_record
TN:
SF:/home/voalle/VoalleNodeJS/components/RocketChatSDK-FelipeTomm/src/lib/driver.ts
FN:79,useLog
FN:100,connect
FN:104,(anonymous_10)
FN:111,(anonymous_11)
FN:112,(anonymous_12)
FN:117,(anonymous_13)
FN:119,(anonymous_14)
FN:130,(anonymous_15)
FN:142,disconnect
FN:146,(anonymous_17)
FN:156,setupMethodCache
FN:177,asyncCall
FN:181,(anonymous_20)
FN:185,(anonymous_21)
FN:200,callMethod
FN:211,cacheCall
FN:213,(anonymous_24)
FN:217,(anonymous_25)
FN:229,login
FN:250,(anonymous_27)
FN:254,(anonymous_28)
FN:261,logout
FN:263,(anonymous_30)
FN:274,subscribe
FN:278,(anonymous_32)
FN:283,(anonymous_33)
FN:291,unsubscribe
FN:301,unsubscribeAll
FN:302,(anonymous_36)
FN:309,subscribeToMessages
FN:311,(anonymous_38)
FN:340,reactToMessages
FN:343,(anonymous_40)
FN:369,respondToMessages
FN:386,(anonymous_42)
FN:392,(anonymous_43)
FN:392,(anonymous_44)
FN:444,getRoomId
FN:449,getRoomName
FN:458,getDirectMessageRoomId
FN:460,(anonymous_48)
FN:464,joinRoom
FN:476,leaveRoom
FN:488,joinRooms
FN:489,(anonymous_54)
FN:496,prepareMessage
FN:509,sendMessage
FN:522,sendToRoomId
FN:529,(anonymous_58)
FN:540,sendToRoom
FN:545,(anonymous_60)
FN:553,sendDirectToUser
FN:558,(anonymous_62)
FN:565,editMessage
FN:574,setReaction
FNF:55
FNH:22
FNDA:0,useLog
FNDA:14,connect
FNDA:14,(anonymous_10)
FNDA:10,(anonymous_11)
FNDA:1,(anonymous_12)
FNDA:1,(anonymous_13)
FNDA:4,(anonymous_14)
FNDA:10,(anonymous_15)
FNDA:1,disconnect
FNDA:1,(anonymous_17)
FNDA:14,setupMethodCache
FNDA:9,asyncCall
FNDA:0,(anonymous_20)
FNDA:9,(anonymous_21)
FNDA:1,callMethod
FNDA:0,cacheCall
FNDA:0,(anonymous_24)
FNDA:0,(anonymous_25)
FNDA:5,login
FNDA:5,(anonymous_27)
FNDA:0,(anonymous_28)
FNDA:2,logout
FNDA:0,(anonymous_30)
FNDA:0,subscribe
FNDA:0,(anonymous_32)
FNDA:0,(anonymous_33)
FNDA:0,unsubscribe
FNDA:1,unsubscribeAll
FNDA:0,(anonymous_36)
FNDA:0,subscribeToMessages
FNDA:0,(anonymous_38)
FNDA:0,reactToMessages
FNDA:0,(anonymous_40)
FNDA:0,respondToMessages
FNDA:0,(anonymous_42)
FNDA:0,(anonymous_43)
FNDA:0,(anonymous_44)
FNDA:0,getRoomId
FNDA:0,getRoomName
FNDA:0,getDirectMessageRoomId
FNDA:0,(anonymous_48)
FNDA:0,joinRoom
FNDA:0,leaveRoom
FNDA:0,joinRooms
FNDA:0,(anonymous_54)
FNDA:4,prepareMessage
FNDA:5,sendMessage
FNDA:1,sendToRoomId
FNDA:0,(anonymous_58)
FNDA:0,sendToRoom
FNDA:0,(anonymous_60)
FNDA:0,sendDirectToUser
FNDA:0,(anonymous_62)
FNDA:1,editMessage
FNDA:2,setReaction
DA:2,1
DA:3,1
DA:4,1
DA:5,1
DA:6,1
DA:20,1
DA:24,1
DA:25,1
DA:38,1
DA:47,1
DA:59,1
DA:69,1
DA:79,1
DA:80,0
DA:100,1
DA:104,14
DA:105,14
DA:106,14
DA:107,14
DA:108,14
DA:110,14
DA:111,14
DA:112,10
DA:115,10
DA:117,14
DA:118,14
DA:119,14
DA:120,4
DA:121,4
DA:122,4
DA:123,4
DA:124,4
DA:129,14
DA:130,14
DA:131,10
DA:133,10
DA:134,10
DA:135,10
DA:142,1
DA:143,1
DA:144,1
DA:145,1
DA:146,1
DA:157,14
DA:158,14
DA:166,14
DA:177,1
DA:178,9
DA:179,9
DA:180,9
DA:182,0
DA:183,0
DA:186,9
DA:189,9
DA:200,1
DA:201,1
DA:211,1
DA:212,0
DA:214,0
DA:215,0
DA:218,0
DA:221,0
DA:229,1
DA:243,5
DA:244,5
DA:249,5
DA:251,5
DA:252,5
DA:255,0
DA:256,0
DA:261,1
DA:262,2
DA:264,0
DA:265,0
DA:274,1
DA:278,0
DA:279,0
DA:280,0
DA:281,0
DA:282,0
DA:284,0
DA:285,0
DA:291,1
DA:292,0
DA:293,0
DA:294,0
DA:296,0
DA:297,0
DA:301,1
DA:302,1
DA:309,1
DA:310,0
DA:312,0
DA:313,0
DA:340,1
DA:341,0
DA:343,0
DA:344,0
DA:345,0
DA:346,0
DA:347,0
DA:348,0
DA:349,0
DA:350,0
DA:352,0
DA:355,0
DA:369,1
DA:373,0
DA:375,0
DA:379,0
DA:385,0
DA:387,0
DA:391,0
DA:392,0
DA:393,0
DA:394,0
DA:395,0
DA:399,0
DA:402,0
DA:405,0
DA:406,0
DA:409,0
DA:410,0
DA:413,0
DA:416,0
DA:419,0
DA:420,0
DA:421,0
DA:425,0
DA:428,0
DA:431,0
DA:432,0
DA:435,0
DA:437,0
DA:444,1
DA:445,0
DA:449,1
DA:450,0
DA:458,1
DA:459,0
DA:460,0
DA:464,1
DA:465,0
DA:466,0
DA:467,0
DA:468,0
DA:470,0
DA:471,0
DA:476,1
DA:477,0
DA:478,0
DA:479,0
DA:480,0
DA:482,0
DA:483,0
DA:488,1
DA:489,0
DA:496,1
DA:500,4
DA:501,4
DA:502,4
DA:509,1
DA:510,5
DA:522,1
DA:526,1
DA:527,1
DA:529,0
DA:530,0
DA:540,1
DA:544,0
DA:545,0
DA:553,1
DA:557,0
DA:558,0
DA:565,1
DA:566,1
DA:574,1
DA:575,2
LF:178
LH:90
BRDA:101,0,0,7
BRDA:124,1,0,3
BRDA:124,1,1,1
BRDA:129,2,0,14
BRDA:129,2,1,0
BRDA:134,3,0,2
BRDA:134,3,1,8
BRDA:178,4,0,7
BRDA:178,4,1,2
BRDA:187,5,0,6
BRDA:187,5,1,3
BRDA:202,6,0,1
BRDA:202,6,1,0
BRDA:201,7,0,1
BRDA:201,7,1,1
BRDA:219,8,0,0
BRDA:219,8,1,0
BRDA:229,9,0,5
BRDA:245,10,0,5
BRDA:245,10,1,5
BRDA:293,11,0,0
BRDA:293,11,1,0
BRDA:345,12,0,0
BRDA:345,12,1,0
BRDA:345,13,0,0
BRDA:345,13,1,0
BRDA:347,14,0,0
BRDA:347,14,1,0
BRDA:348,15,0,0
BRDA:348,15,1,0
BRDA:371,16,0,0
BRDA:379,17,0,0
BRDA:379,17,1,0
BRDA:380,18,0,0
BRDA:380,18,1,0
BRDA:380,18,2,0
BRDA:380,18,3,0
BRDA:393,19,0,0
BRDA:393,19,1,0
BRDA:399,20,0,0
BRDA:399,20,1,0
BRDA:402,21,0,0
BRDA:402,21,1,0
BRDA:406,22,0,0
BRDA:406,22,1,0
BRDA:406,23,0,0
BRDA:406,23,1,0
BRDA:410,24,0,0
BRDA:410,24,1,0
BRDA:410,25,0,0
BRDA:410,25,1,0
BRDA:413,26,0,0
BRDA:413,26,1,0
BRDA:413,27,0,0
BRDA:413,27,1,0
BRDA:413,27,2,0
BRDA:419,28,0,0
BRDA:419,28,1,0
BRDA:419,29,0,0
BRDA:419,29,1,0
BRDA:425,30,0,0
BRDA:425,30,1,0
BRDA:428,31,0,0
BRDA:428,31,1,0
BRDA:467,32,0,0
BRDA:467,32,1,0
BRDA:479,33,0,0
BRDA:479,33,1,0
BRDA:501,34,0,1
BRDA:501,34,1,3
BRDA:526,35,0,1
BRDA:526,35,1,0
BRF:72
BRH:19
end_of_record
TN:
SF:/home/voalle/VoalleNodeJS/components/RocketChatSDK-FelipeTomm/src/lib/log.ts
FN:5,(anonymous_0)
FN:8,(anonymous_1)
FN:11,(anonymous_2)
FN:14,(anonymous_3)
FN:17,(anonymous_4)
FN:24,replaceLog
FN:28,silence
FN:30,(anonymous_7)
FN:31,(anonymous_8)
FN:32,(anonymous_9)
FN:33,(anonymous_10)
FN:34,(anonymous_11)
FNF:12
FNH:4
FNDA:0,(anonymous_0)
FNDA:0,(anonymous_1)
FNDA:0,(anonymous_2)
FNDA:0,(anonymous_3)
FNDA:0,(anonymous_4)
FNDA:2,replaceLog
FNDA:2,silence
FNDA:97,(anonymous_7)
FNDA:64,(anonymous_8)
FNDA:0,(anonymous_9)
FNDA:0,(anonymous_10)
FNDA:0,(anonymous_11)
DA:6,0
DA:9,0
DA:12,0
DA:15,0
DA:18,0
DA:22,1
DA:25,2
DA:29,2
DA:30,97
DA:31,64
DA:32,0
DA:33,0
DA:34,0
DA:39,1
DA:40,1
DA:41,1
LF:16
LH:8
BRF:0
BRH:0
end_of_record
TN:
SF:/home/voalle/VoalleNodeJS/components/RocketChatSDK-FelipeTomm/src/lib/message.ts
FN:14,(anonymous_0)
FN:19,(anonymous_1)
FNF:2
FNH:2
FNDA:10,(anonymous_0)
FNDA:4,(anonymous_1)
DA:13,1
DA:15,10
DA:16,5
DA:17,10
DA:20,4
DA:21,4
LF:6
LH:6
BRDA:15,0,0,5
BRDA:15,0,1,5
BRF:2
BRH:2
end_of_record
TN:
SF:/home/voalle/VoalleNodeJS/components/RocketChatSDK-FelipeTomm/src/lib/methodCache.ts
FN:16,use
FN:26,create
FN:37,call
FN:60,has
FN:69,get
FN:78,reset
FN:88,resetAll
FN:89,(anonymous_8)
FNF:8
FNH:8
FNDA:30,use
FNDA:49,create
FNDA:23,call
FNDA:4,has
FNDA:4,get
FNDA:3,reset
FNDA:20,resetAll
FNDA:126,(anonymous_8)
DA:1,1
DA:2,1
DA:6,1
DA:7,1
DA:16,1
DA:17,30
DA:26,1
DA:27,49
DA:28,49
DA:29,49
DA:37,1
DA:38,23
DA:39,23
DA:42,23
DA:43,2
DA:45,2
DA:48,21
DA:49,21
DA:50,19
DA:52,21
DA:60,1
DA:61,4
DA:69,1
DA:70,4
DA:78,1
DA:79,3
DA:80,3
DA:81,1
DA:88,1
DA:89,126
LF:30
LH:30
BRDA:26,0,0,5
BRDA:38,1,0,3
BRDA:38,1,1,20
BRDA:42,2,0,2
BRDA:42,2,1,21
BRDA:70,3,0,4
BRDA:70,3,1,0
BRDA:79,4,0,3
BRDA:79,4,1,0
BRDA:80,5,0,2
BRDA:80,5,1,1
BRF:11
BRH:9
end_of_record
TN:
SF:/home/voalle/VoalleNodeJS/components/RocketChatSDK-FelipeTomm/src/lib/settings.ts
FN:16,(anonymous_0)
FNF:1
FNH:1
FNDA:3,(anonymous_0)
DA:3,9
DA:4,9
DA:5,9
DA:8,9
DA:9,9
DA:12,9
DA:15,9
DA:16,3
DA:18,9
DA:19,9
DA:20,9
DA:21,9
DA:24,9
DA:27,9
DA:28,9
DA:29,9
DA:30,9
LF:17
LH:17
BRDA:3,0,0,9
BRDA:3,0,1,9
BRDA:4,1,0,9
BRDA:4,1,1,9
BRDA:8,2,0,9
BRDA:8,2,1,6
BRDA:10,3,0,2
BRDA:10,3,1,7
BRDA:10,4,0,2
BRDA:10,4,1,0
BRDA:11,5,0,7
BRDA:11,5,1,5
BRDA:16,6,0,2
BRDA:16,6,1,7
BRDA:16,7,0,2
BRDA:16,7,1,0
BRDA:18,8,0,9
BRDA:18,8,1,8
BRDA:19,9,0,9
BRDA:19,9,1,8
BRDA:20,10,0,9
BRDA:20,10,1,8
BRDA:21,11,0,9
BRDA:21,11,1,8
BRDA:24,12,0,9
BRDA:24,12,1,9
BRDA:27,13,0,9
BRDA:27,13,1,9
BRDA:28,14,0,9
BRDA:28,14,1,9
BRDA:29,15,0,9
BRDA:29,15,1,9
BRDA:30,16,0,9
BRDA:30,16,1,9
BRF:34
BRH:32
end_of_record
